<?xml version="1.0" encoding="UTF-8"?>
<!-- Generated by org.testng.reporters.JUnitReportReporter -->
<testsuite hostname="dell-PC" name="testCases.VerifyMMPHomePage_SuiteLevel" tests="1" failures="0" timestamp="24 Feb 2018 18:01:48 GMT" time="18.967" errors="0">
  <testcase name="verifyTitle" time="18.967" classname="testCases.VerifyMMPHomePage_SuiteLevel"/>
</testsuite> <!-- testCases.VerifyMMPHomePage_SuiteLevel -->
