<?xml version="1.0" encoding="UTF-8"?>
<!-- Generated by org.testng.reporters.JUnitReportReporter -->
<testsuite hostname="dell-PC" name="testCases.VerifyPatientRegisterPage" tests="1" failures="0" timestamp="24 Feb 2018 23:20:48 GMT" time="19.961" errors="0">
  <testcase name="confirmRegistrationPage" time="19.961" classname="testCases.VerifyPatientRegisterPage"/>
</testsuite> <!-- testCases.VerifyPatientRegisterPage -->
