<?xml version="1.0" encoding="UTF-8"?>
<!-- Generated by org.testng.reporters.JUnitReportReporter -->
<testsuite hostname="dell-PC" name="testCases.VerifyMMPHomePage" tests="1" failures="0" timestamp="26 Feb 2018 02:23:38 GMT" time="0.009" errors="0">
  <testcase name="verifyTitle" time="0.009" classname="testCases.VerifyMMPHomePage"/>
</testsuite> <!-- testCases.VerifyMMPHomePage -->
