<?xml version="1.0" encoding="UTF-8"?>
<!-- Generated by org.testng.reporters.JUnitReportReporter -->
<testsuite hostname="dell-PC" name="testCases.VerifyPatientRegisterPage" tests="1" failures="0" timestamp="26 Feb 2018 02:23:38 GMT" time="18.742" errors="0">
  <testcase name="confirmRegistrationPage" time="18.742" classname="testCases.VerifyPatientRegisterPage"/>
</testsuite> <!-- testCases.VerifyPatientRegisterPage -->
