<?xml version="1.0" encoding="UTF-8"?>
<!-- Generated by org.testng.reporters.JUnitReportReporter -->
<testsuite hostname="dell-PC" name="testCases.VerifyPatientHomePage" tests="2" failures="0" timestamp="24 Feb 2018 23:20:48 GMT" time="41.383" errors="0">
  <testcase name="appLogin" time="24.363" classname="testCases.VerifyPatientHomePage"/>
  <testcase name="verifyTitle" time="17.020" classname="testCases.VerifyPatientHomePage"/>
</testsuite> <!-- testCases.VerifyPatientHomePage -->
