<?xml version="1.0" encoding="UTF-8"?>
<!-- Generated by org.testng.reporters.JUnitReportReporter -->
<testsuite hostname="dell-PC" name="testCases.VerifyPatientLoginPage" tests="2" failures="0" timestamp="15 Nov 2017 22:28:17 GMT" time="38.679" errors="0">
  <testcase name="verifyTitle" time="16.485" classname="testCases.VerifyPatientLoginPage"/>
  <testcase name="appLogin" time="22.194" classname="testCases.VerifyPatientLoginPage"/>
</testsuite> <!-- testCases.VerifyPatientLoginPage -->
