<?xml version="1.0" encoding="UTF-8"?>
<!-- Generated by org.testng.reporters.JUnitReportReporter -->
<testsuite hostname="dell-PC" name="testCases.VerifyPatientHomePage" tests="2" failures="0" timestamp="26 Feb 2018 02:23:38 GMT" time="44.525" errors="0">
  <testcase name="verifyTitle" time="18.563" classname="testCases.VerifyPatientHomePage"/>
  <testcase name="appLogin" time="25.962" classname="testCases.VerifyPatientHomePage"/>
</testsuite> <!-- testCases.VerifyPatientHomePage -->
