<?xml version="1.0" encoding="UTF-8"?>
<!-- Generated by org.testng.reporters.JUnitReportReporter -->
<testsuite hostname="dell-PC" name="testCases.VerifyMMPHomePage" tests="1" failures="0" timestamp="15 Nov 2017 22:28:17 GMT" time="0.153" errors="0">
  <testcase name="verifyTitle" time="0.153" classname="testCases.VerifyMMPHomePage"/>
</testsuite> <!-- testCases.VerifyMMPHomePage -->
