<?xml version="1.0" encoding="UTF-8"?>
<!-- Generated by org.testng.reporters.JUnitReportReporter -->
<testsuite hostname="dell-PC" name="testCases.VerifyProfilePage" tests="4" failures="0" timestamp="26 Feb 2018 02:23:38 GMT" time="23.636" errors="0">
  <testcase name="appLogin" time="7.792" classname="testCases.VerifyProfilePage"/>
  <testcase name="verifyTitle" time="0.143" classname="testCases.VerifyProfilePage"/>
  <testcase name="validateTitleAndUsername" time="0.075" classname="testCases.VerifyProfilePage"/>
  <testcase name="navigateToProfilePage" time="15.626" classname="testCases.VerifyProfilePage"/>
</testsuite> <!-- testCases.VerifyProfilePage -->
