<?xml version="1.0" encoding="UTF-8"?>
<!-- Generated by org.testng.reporters.JUnitReportReporter -->
<testsuite hostname="dell-PC" name="testCases.VerifyPatientLoginPage" tests="2" failures="0" timestamp="24 Feb 2018 23:20:48 GMT" time="37.412" errors="0">
  <testcase name="appLogin" time="20.991" classname="testCases.VerifyPatientLoginPage"/>
  <testcase name="verifyTitle" time="16.421" classname="testCases.VerifyPatientLoginPage"/>
</testsuite> <!-- testCases.VerifyPatientLoginPage -->
