<?xml version="1.0" encoding="UTF-8"?>
<!-- Generated by org.testng.reporters.JUnitReportReporter -->
<testsuite hostname="dell-PC" name="testCases.VerifyProfilePage" tests="4" failures="0" timestamp="24 Feb 2018 23:20:48 GMT" time="23.734" errors="0">
  <testcase name="verifyTitle" time="0.048" classname="testCases.VerifyProfilePage"/>
  <testcase name="validateTitleAndUsername" time="0.080" classname="testCases.VerifyProfilePage"/>
  <testcase name="navigateToProfilePage" time="15.620" classname="testCases.VerifyProfilePage"/>
  <testcase name="appLogin" time="7.986" classname="testCases.VerifyProfilePage"/>
</testsuite> <!-- testCases.VerifyProfilePage -->
