<?xml version="1.0" encoding="UTF-8"?>
<!-- Generated by org.testng.reporters.JUnitReportReporter -->
<testsuite hostname="dell-PC" name="testCases.VerifyPatientLoginPage" tests="2" failures="0" timestamp="26 Feb 2018 02:23:38 GMT" time="37.455" errors="0">
  <testcase name="appLogin" time="21.464" classname="testCases.VerifyPatientLoginPage"/>
  <testcase name="verifyTitle" time="15.991" classname="testCases.VerifyPatientLoginPage"/>
</testsuite> <!-- testCases.VerifyPatientLoginPage -->
